Deinstalling Category_Defaults option on: 04/05/13 13:33:41
Deinstalled Category_Defaults no files removed.
Deinstalling chg_auto_events option on: 04/05/13 13:33:44
Deinstalled chg_auto_events no files removed.
Installing chg_sla option on: 04/05/13 13:33:49
Installed chg_sla : 2 files installed
Deinstalling iss_auto_events option on: 04/05/13 13:34:29
Deinstalled iss_auto_events no files removed.
Deinstalling Iss_Category_Defaults option on: 04/05/13 13:34:34
Deinstalled Iss_Category_Defaults no files removed.
Installing iss_sla option on: 04/05/13 13:34:35
Installed iss_sla : 2 files installed
Deinstalling Area_Defaults option on: 04/05/13 13:35:30
Deinstalled Area_Defaults no files removed.
Deinstalling auto_events option on: 04/05/13 13:35:33
Deinstalled auto_events no files removed.
Installing cr_sla option on: 04/05/13 13:35:44
Installed cr_sla : 2 files installed
Deinstalling Netres_pty option on: 04/05/13 13:35:58
Deinstalled Netres_pty no files removed.
Deinstalling Any_Contact option on: 04/05/13 13:36:20
Deinstalled Any_Contact no files removed.
Installing force_unique_userid option on: 04/05/13 13:36:59
Installed force_unique_userid : 2 files installed
Deinstalling Category_Defaults option on: 04/08/13 09:30:30
Deinstalled Category_Defaults no files removed.
Deinstalling chg_auto_events option on: 04/08/13 09:30:32
Deinstalled chg_auto_events no files removed.
Installing chg_sla option on: 04/08/13 09:30:36
Installed chg_sla : 2 files installed
Deinstalling iss_auto_events option on: 04/08/13 09:31:06
Deinstalled iss_auto_events no files removed.
Deinstalling Iss_Category_Defaults option on: 04/08/13 09:31:10
Deinstalled Iss_Category_Defaults no files removed.
Installing iss_sla option on: 04/08/13 09:31:11
Installed iss_sla : 2 files installed
Deinstalling Area_Defaults option on: 04/08/13 09:31:49
Deinstalled Area_Defaults no files removed.
Deinstalling auto_events option on: 04/08/13 09:31:52
Deinstalled auto_events no files removed.
Installing cr_sla option on: 04/08/13 09:31:59
Installed cr_sla : 2 files installed
Deinstalling Netres_pty option on: 04/08/13 09:32:08
Deinstalled Netres_pty no files removed.
Deinstalling Any_Contact option on: 04/08/13 09:32:25
Deinstalled Any_Contact no files removed.
Installing force_unique_userid option on: 04/08/13 09:32:51
Installed force_unique_userid : 2 files installed
Deinstalling Category_Defaults option on: 04/08/13 10:12:25
Deinstalled Category_Defaults no files removed.
Deinstalling chg_auto_events option on: 04/08/13 10:12:27
Deinstalled chg_auto_events no files removed.
Installing chg_sla option on: 04/08/13 10:12:30
Installed chg_sla : 2 files installed
Deinstalling iss_auto_events option on: 04/08/13 10:13:00
Deinstalled iss_auto_events no files removed.
Deinstalling Iss_Category_Defaults option on: 04/08/13 10:13:03
Deinstalled Iss_Category_Defaults no files removed.
Installing iss_sla option on: 04/08/13 10:13:05
Installed iss_sla : 2 files installed
Deinstalling Area_Defaults option on: 04/08/13 10:13:41
Deinstalled Area_Defaults no files removed.
Deinstalling auto_events option on: 04/08/13 10:13:44
Deinstalled auto_events no files removed.
Installing cr_sla option on: 04/08/13 10:13:52
Installed cr_sla : 2 files installed
Deinstalling Netres_pty option on: 04/08/13 10:14:01
Deinstalled Netres_pty no files removed.
Deinstalling Any_Contact option on: 04/08/13 10:14:15
Deinstalled Any_Contact no files removed.
Installing force_unique_userid option on: 04/08/13 10:14:41
Installed force_unique_userid : 2 files installed
Deinstalling Category_Defaults option on: 06/20/13 14:56:08
Deinstalled Category_Defaults no files removed.
Deinstalling chg_auto_events option on: 06/20/13 14:56:13
Deinstalled chg_auto_events no files removed.
Installing chg_sla option on: 06/20/13 14:56:22
Installed chg_sla : 2 files installed
Deinstalling iss_auto_events option on: 06/20/13 14:57:31
Deinstalled iss_auto_events no files removed.
Deinstalling Iss_Category_Defaults option on: 06/20/13 14:57:39
Deinstalled Iss_Category_Defaults no files removed.
Installing iss_sla option on: 06/20/13 14:57:42
Installed iss_sla : 2 files installed
Deinstalling Area_Defaults option on: 06/20/13 14:59:18
Deinstalled Area_Defaults no files removed.
Deinstalling auto_events option on: 06/20/13 14:59:25
Deinstalled auto_events no files removed.
Installing cr_sla option on: 06/20/13 15:01:01
Installed cr_sla : 2 files installed
Deinstalling Netres_pty option on: 06/20/13 15:01:28
Deinstalled Netres_pty no files removed.
Deinstalling Any_Contact option on: 06/20/13 15:02:11
Deinstalled Any_Contact no files removed.
Installing force_unique_userid option on: 06/20/13 15:03:20
Installed force_unique_userid : 2 files installed
Deinstalling Category_Defaults option on: 07/30/13 12:28:14
Deinstalled Category_Defaults no files removed.
Deinstalling chg_auto_events option on: 07/30/13 12:28:16
Deinstalled chg_auto_events no files removed.
Installing chg_sla option on: 07/30/13 12:28:21
Installed chg_sla : 2 files installed
Deinstalling iss_auto_events option on: 07/30/13 12:28:55
Deinstalled iss_auto_events no files removed.
Deinstalling Iss_Category_Defaults option on: 07/30/13 12:29:00
Deinstalled Iss_Category_Defaults no files removed.
Installing iss_sla option on: 07/30/13 12:29:01
Installed iss_sla : 2 files installed
Deinstalling Area_Defaults option on: 07/30/13 12:29:46
Deinstalled Area_Defaults no files removed.
Deinstalling auto_events option on: 07/30/13 12:29:49
Deinstalled auto_events no files removed.
Installing cr_sla option on: 07/30/13 12:29:59
Installed cr_sla : 2 files installed
Deinstalling Netres_pty option on: 07/30/13 12:30:10
Deinstalled Netres_pty no files removed.
Deinstalling Any_Contact option on: 07/30/13 12:30:27
Deinstalled Any_Contact no files removed.
Installing force_unique_userid option on: 07/30/13 12:30:57
Installed force_unique_userid : 2 files installed
Installing Category_Defaults option on: 09/02/13 16:39:23
Installed Category_Defaults : 2 files installed
Installing Area_Defaults option on: 09/02/13 16:39:53
Installed Area_Defaults : 2 files installed
Deinstalling Category_Defaults option on: 09/25/13 11:05:47
Deinstalled Category_Defaults : 2 files removed
Deinstalling chg_auto_events option on: 09/25/13 11:05:48
Deinstalled chg_auto_events no files removed.
Installing chg_sla option on: 09/25/13 11:05:50
Installed chg_sla : 2 files installed
Deinstalling iss_auto_events option on: 09/25/13 11:06:03
Deinstalled iss_auto_events no files removed.
Deinstalling Iss_Category_Defaults option on: 09/25/13 11:06:04
Deinstalled Iss_Category_Defaults no files removed.
Installing iss_sla option on: 09/25/13 11:06:05
Installed iss_sla : 2 files installed
Deinstalling Area_Defaults option on: 09/25/13 11:06:21
Deinstalled Area_Defaults : 2 files removed
Deinstalling auto_events option on: 09/25/13 11:06:22
Deinstalled auto_events no files removed.
Installing cr_sla option on: 09/25/13 11:06:26
Installed cr_sla : 2 files installed
Deinstalling Netres_pty option on: 09/25/13 11:06:30
Deinstalled Netres_pty no files removed.
Deinstalling Any_Contact option on: 09/25/13 11:06:36
Deinstalled Any_Contact no files removed.
Installing force_unique_userid option on: 09/25/13 11:06:47
Installed force_unique_userid : 2 files installed
Deinstalling Category_Defaults option on: 09/30/13 13:34:45
Deinstalled Category_Defaults no files removed.
Deinstalling chg_auto_events option on: 09/30/13 13:34:46
Deinstalled chg_auto_events no files removed.
Installing chg_sla option on: 09/30/13 13:34:47
Installed chg_sla : 2 files installed
Deinstalling iss_auto_events option on: 09/30/13 13:34:54
Deinstalled iss_auto_events no files removed.
Deinstalling Iss_Category_Defaults option on: 09/30/13 13:34:55
Deinstalled Iss_Category_Defaults no files removed.
Installing iss_sla option on: 09/30/13 13:34:55
Installed iss_sla : 2 files installed
Deinstalling Area_Defaults option on: 09/30/13 13:35:04
Deinstalled Area_Defaults no files removed.
Deinstalling auto_events option on: 09/30/13 13:35:05
Deinstalled auto_events no files removed.
Installing cr_sla option on: 09/30/13 13:35:07
Installed cr_sla : 2 files installed
Deinstalling Netres_pty option on: 09/30/13 13:35:09
Deinstalled Netres_pty no files removed.
Deinstalling Any_Contact option on: 09/30/13 13:35:13
Deinstalled Any_Contact no files removed.
Installing force_unique_userid option on: 09/30/13 13:35:19
Installed force_unique_userid : 2 files installed
Deinstalling Category_Defaults option on: 09/30/13 14:54:27
Deinstalled Category_Defaults no files removed.
Deinstalling chg_auto_events option on: 09/30/13 14:54:28
Deinstalled chg_auto_events no files removed.
Installing chg_sla option on: 09/30/13 14:54:29
Installed chg_sla : 2 files installed
Deinstalling iss_auto_events option on: 09/30/13 14:54:36
Deinstalled iss_auto_events no files removed.
Deinstalling Iss_Category_Defaults option on: 09/30/13 14:54:37
Deinstalled Iss_Category_Defaults no files removed.
Installing iss_sla option on: 09/30/13 14:54:37
Installed iss_sla : 2 files installed
Deinstalling Area_Defaults option on: 09/30/13 14:54:47
Deinstalled Area_Defaults no files removed.
Deinstalling auto_events option on: 09/30/13 14:54:47
Deinstalled auto_events no files removed.
Installing cr_sla option on: 09/30/13 14:54:49
Installed cr_sla : 2 files installed
Deinstalling Netres_pty option on: 09/30/13 14:54:51
Deinstalled Netres_pty no files removed.
Deinstalling Any_Contact option on: 09/30/13 14:54:55
Deinstalled Any_Contact no files removed.
Installing force_unique_userid option on: 09/30/13 14:55:01
Installed force_unique_userid : 2 files installed
Installing Category_Defaults option on: 10/02/13 11:48:02
Installed Category_Defaults : 2 files installed
Deinstalling Category_Defaults option on: 10/02/13 11:48:10
Deinstalled Category_Defaults : 2 files removed
Deinstalling Category_Defaults option on: 10/15/13 13:20:59
Deinstalled Category_Defaults no files removed.
Deinstalling chg_auto_events option on: 10/15/13 13:21:00
Deinstalled chg_auto_events no files removed.
Installing chg_sla option on: 10/15/13 13:21:01
Installed chg_sla : 2 files installed
Deinstalling iss_auto_events option on: 10/15/13 13:21:08
Deinstalled iss_auto_events no files removed.
Deinstalling Iss_Category_Defaults option on: 10/15/13 13:21:09
Deinstalled Iss_Category_Defaults no files removed.
Installing iss_sla option on: 10/15/13 13:21:10
Installed iss_sla : 2 files installed
Deinstalling Area_Defaults option on: 10/15/13 13:21:20
Deinstalled Area_Defaults no files removed.
Deinstalling auto_events option on: 10/15/13 13:21:20
Deinstalled auto_events no files removed.
Installing cr_sla option on: 10/15/13 13:21:23
Installed cr_sla : 2 files installed
Deinstalling Netres_pty option on: 10/15/13 13:21:25
Deinstalled Netres_pty no files removed.
Deinstalling Any_Contact option on: 10/15/13 13:21:29
Deinstalled Any_Contact no files removed.
Installing force_unique_userid option on: 10/15/13 13:21:35
Installed force_unique_userid : 2 files installed
Installing Area_Defaults option on: 10/17/13 15:24:50
Installed Area_Defaults : 2 files installed
Deinstalling Category_Defaults option on: 11/07/13 16:53:05
Deinstalled Category_Defaults no files removed.
Deinstalling chg_auto_events option on: 11/07/13 16:53:06
Deinstalled chg_auto_events no files removed.
Installing chg_sla option on: 11/07/13 16:53:07
Installed chg_sla : 2 files installed
Deinstalling iss_auto_events option on: 11/07/13 16:53:16
Deinstalled iss_auto_events no files removed.
Deinstalling Iss_Category_Defaults option on: 11/07/13 16:53:17
Deinstalled Iss_Category_Defaults no files removed.
Installing iss_sla option on: 11/07/13 16:53:17
Installed iss_sla : 2 files installed
Installing Area_Defaults option on: 11/07/13 16:53:27
Installed Area_Defaults : 2 files installed
Deinstalling auto_events option on: 11/07/13 16:53:28
Deinstalled auto_events no files removed.
Installing cr_sla option on: 11/07/13 16:53:30
Installed cr_sla : 2 files installed
Deinstalling Netres_pty option on: 11/07/13 16:53:33
Deinstalled Netres_pty no files removed.
Deinstalling Any_Contact option on: 11/07/13 16:53:38
Deinstalled Any_Contact no files removed.
Installing force_unique_userid option on: 11/07/13 16:53:45
Installed force_unique_userid : 2 files installed
Deinstalling Category_Defaults option on: 11/13/13 00:54:35
Deinstalled Category_Defaults no files removed.
Deinstalling chg_auto_events option on: 11/13/13 00:54:36
Deinstalled chg_auto_events no files removed.
Installing chg_sla option on: 11/13/13 00:54:37
Installed chg_sla : 2 files installed
Deinstalling iss_auto_events option on: 11/13/13 00:54:47
Deinstalled iss_auto_events no files removed.
Deinstalling Iss_Category_Defaults option on: 11/13/13 00:54:48
Deinstalled Iss_Category_Defaults no files removed.
Installing iss_sla option on: 11/13/13 00:54:48
Installed iss_sla : 2 files installed
Installing Area_Defaults option on: 11/13/13 00:55:00
Installed Area_Defaults : 2 files installed
Deinstalling auto_events option on: 11/13/13 00:55:01
Deinstalled auto_events no files removed.
Installing cr_sla option on: 11/13/13 00:55:03
Installed cr_sla : 2 files installed
Deinstalling Netres_pty option on: 11/13/13 00:55:13
Deinstalled Netres_pty no files removed.
Deinstalling Any_Contact option on: 11/13/13 00:55:18
Deinstalled Any_Contact no files removed.
Installing force_unique_userid option on: 11/13/13 00:55:28
Installed force_unique_userid : 2 files installed
Deinstalling Category_Defaults option on: 11/13/13 00:58:46
Deinstalled Category_Defaults no files removed.
Deinstalling chg_auto_events option on: 11/13/13 00:58:47
Deinstalled chg_auto_events no files removed.
Installing chg_sla option on: 11/13/13 00:58:48
Installed chg_sla : 2 files installed
Deinstalling iss_auto_events option on: 11/13/13 00:58:59
Deinstalled iss_auto_events no files removed.
Deinstalling Iss_Category_Defaults option on: 11/13/13 00:59:00
Deinstalled Iss_Category_Defaults no files removed.
Installing iss_sla option on: 11/13/13 00:59:01
Installed iss_sla : 2 files installed
Installing Area_Defaults option on: 11/13/13 00:59:12
Installed Area_Defaults : 2 files installed
Deinstalling auto_events option on: 11/13/13 00:59:13
Deinstalled auto_events no files removed.
Installing cr_sla option on: 11/13/13 00:59:15
Installed cr_sla : 2 files installed
Deinstalling Netres_pty option on: 11/13/13 00:59:18
Deinstalled Netres_pty no files removed.
Deinstalling Any_Contact option on: 11/13/13 00:59:22
Deinstalled Any_Contact no files removed.
Installing force_unique_userid option on: 11/13/13 00:59:30
Installed force_unique_userid : 2 files installed
Deinstalling Category_Defaults option on: 11/13/13 01:00:30
Deinstalled Category_Defaults no files removed.
Deinstalling chg_auto_events option on: 11/13/13 01:00:31
Deinstalled chg_auto_events no files removed.
Installing chg_sla option on: 11/13/13 01:00:32
Installed chg_sla : 2 files installed
Deinstalling iss_auto_events option on: 11/13/13 01:00:41
Deinstalled iss_auto_events no files removed.
Deinstalling Iss_Category_Defaults option on: 11/13/13 01:00:42
Deinstalled Iss_Category_Defaults no files removed.
Installing iss_sla option on: 11/13/13 01:00:42
Installed iss_sla : 2 files installed
Installing Area_Defaults option on: 11/13/13 01:00:58
Installed Area_Defaults : 2 files installed
Deinstalling auto_events option on: 11/13/13 01:00:58
Deinstalled auto_events no files removed.
Installing cr_sla option on: 11/13/13 01:01:01
Installed cr_sla : 2 files installed
Deinstalling Netres_pty option on: 11/13/13 01:01:03
Deinstalled Netres_pty no files removed.
Deinstalling Any_Contact option on: 11/13/13 01:01:08
Deinstalled Any_Contact no files removed.
Installing force_unique_userid option on: 11/13/13 01:01:15
Installed force_unique_userid : 2 files installed
Deinstalling Category_Defaults option on: 11/13/13 17:46:45
Deinstalled Category_Defaults no files removed.
Deinstalling chg_auto_events option on: 11/13/13 17:46:46
Deinstalled chg_auto_events no files removed.
Installing chg_sla option on: 11/13/13 17:46:48
Installed chg_sla : 2 files installed
Deinstalling iss_auto_events option on: 11/13/13 17:47:00
Deinstalled iss_auto_events no files removed.
Deinstalling Iss_Category_Defaults option on: 11/13/13 17:47:01
Deinstalled Iss_Category_Defaults no files removed.
Installing iss_sla option on: 11/13/13 17:47:01
Installed iss_sla : 2 files installed
Installing Area_Defaults option on: 11/13/13 17:47:18
Installed Area_Defaults : 2 files installed
Deinstalling auto_events option on: 11/13/13 17:47:19
Deinstalled auto_events no files removed.
Installing cr_sla option on: 11/13/13 17:47:22
Installed cr_sla : 2 files installed
Deinstalling Netres_pty option on: 11/13/13 17:47:26
Deinstalled Netres_pty no files removed.
Deinstalling Any_Contact option on: 11/13/13 17:47:33
Deinstalled Any_Contact no files removed.
Installing force_unique_userid option on: 11/13/13 17:47:43
Installed force_unique_userid : 2 files installed
