2013.05.13 16:21:26 created column Prob_Category.zimage
2013.05.23 11:32:39 created column Prob_Category.zsort
2013.05.24 11:09:51 created table zfav_pcat
2013.05.24 11:09:51 created column zfav_pcat.cnt
2013.05.24 11:09:51 created column zfav_pcat.pcat
2013.05.24 11:09:51 created column zfav_pcat.status
2013.05.24 14:17:31 created column zfav_pcat.delete_flag
2013.06.04 11:46:02 created column Prob_Category.zdesc
2013.06.04 12:38:22 created column Prob_Category.zguidesc
2013.06.06 12:49:10 created table zpop_pcat
2013.06.06 12:49:10 created column zpop_pcat.delete_flag
2013.06.06 12:49:10 created column zpop_pcat.org
2013.06.06 12:49:10 created column zpop_pcat.pcat
2013.06.21 11:47:27 created column Prob_Category.zsc_url
2013.06.28 12:08:13 created table znr_user
2013.06.28 12:08:13 created column znr_user.class
2013.06.28 12:08:13 created column znr_user.cnt
2013.06.28 12:08:13 created column znr_user.delete_flag
2013.06.28 12:08:13 created column znr_user.resource_name
2013.07.05 14:03:26 created table zadm_br_we_wy
2013.07.05 14:03:26 created column zadm_br_we_wy.name
2013.07.08 12:00:24 created table zlrel_cnt_loc
2013.07.08 12:00:24 created column zlrel_cnt_loc.cnt
2013.07.08 12:00:24 created column zlrel_cnt_loc.loc
2013.07.08 17:04:37 created table zadm_dep
2013.07.08 17:04:37 created column zadm_dep.ex_name
2013.07.10 15:56:57 created column znr_user.nr
2013.07.18 11:53:18 created column ca_resource_cost_center.zparent_cost_cntr
2013.07.18 11:53:22 created column usp_organization.zparent_org
2013.07.18 13:16:45 created column usp_owned_resource.zdescription_long
2013.07.18 13:16:49 created column usp_owned_resource.zidentification_number
2013.07.18 13:38:08 created column usp_owned_resource.zdostawca
2013.07.18 13:38:12 created column usp_owned_resource.zproducent
2013.07.18 14:41:03 created column usp_owned_resource.zadministrator_group
2013.07.18 14:41:08 created column usp_owned_resource.zliquidation_protocol_nr
2013.07.18 14:41:13 created column usp_owned_resource.zlokalizacja
2013.07.18 14:41:17 created column usp_owned_resource.znumer_ot
2013.07.18 14:41:22 created column usp_owned_resource.zvalue_net
2013.07.18 14:41:27 created column usp_owned_resource.zvalue_start
2013.07.18 15:45:33 created table zadm_lok
2013.07.18 15:45:33 created column zadm_lok.ex_name
2013.07.18 16:23:58 created table ztyp_lokalizacji
2013.07.18 16:23:58 created column ztyp_lokalizacji.ex_name
2013.07.18 16:56:04 created column ca_resource_cost_center.zcnt
2013.07.18 16:56:09 created column ca_resource_cost_center.zkod
2013.07.18 16:56:18 created column ca_resource_cost_center.zorg
2013.07.18 16:56:27 created column usp_organization.zmpk
2013.07.18 16:56:34 created column zadm_lok.dzialka
2013.07.18 16:56:41 created column zadm_lok.obszar
2013.07.18 16:56:46 created column zadm_lok.rodzic
2013.07.18 16:56:53 created column zadm_lok.typ_lokalizacji
2013.07.19 10:57:03 created table zadm_sa_ko
2013.07.19 10:57:03 created column zadm_sa_ko.ex_name
2013.07.19 10:57:07 created table zst_pa_cz_kk
2013.07.19 10:57:07 created column zst_pa_cz_kk.ex_name
2013.07.19 10:57:12 created table zst_ro_dru
2013.07.19 10:57:12 created column zst_ro_dru.ex_name
2013.07.19 10:57:17 created table zst_ro_kom
2013.07.19 10:57:17 created column zst_ro_kom.ex_name
2013.07.19 10:57:23 created table zst_ro_mon
2013.07.19 10:57:23 created column zst_ro_mon.ex_name
2013.07.19 10:57:27 created table zst_ro_ur_wi
2013.07.19 10:57:27 created column zst_ro_ur_wi.ex_name
2013.07.19 10:57:33 created table ztel_bla
2013.07.19 10:57:33 created column ztel_bla.ex_name
2013.07.19 10:57:38 created table ztel_te_ip
2013.07.19 10:57:38 created column ztel_te_ip.ex_name
2013.07.19 10:57:43 created table ztel_te_ko
2013.07.19 10:57:43 created column ztel_te_ko.ex_name
2013.07.19 11:47:21 created column zadm_sa_ko.dodatkowe_miejsca
2013.07.19 11:47:29 created column zadm_sa_ko.flipchart
2013.07.19 11:47:36 created column zadm_sa_ko.monitor
2013.07.19 11:47:43 created column zadm_sa_ko.naglosnienie
2013.07.19 11:47:49 created column zadm_sa_ko.pojemnosc_konferencyjna
2013.07.19 11:47:56 created column zadm_sa_ko.pojemnosc_teatralna
2013.07.19 11:48:01 created column zadm_sa_ko.projektor
2013.07.19 11:48:08 created column zadm_sa_ko.projektor_przenosny
2013.07.19 11:48:15 created column zadm_sa_ko.tablica_suchoscieralna
2013.07.19 11:48:21 created column zadm_sa_ko.telekonferencja
2013.07.19 11:48:27 created column zadm_sa_ko.videokonferencja
2013.07.19 11:48:33 created column zadm_sa_ko.wifi
2013.07.19 12:44:38 created table zipfon_settype
2013.07.19 12:44:38 created column zipfon_settype.ex_name
2013.07.19 12:44:45 created column usp_contact.zNRE
2013.07.19 12:44:51 created column ztel_bla.link_opis
2013.07.19 12:44:58 created column ztel_bla.model
2013.07.19 12:45:05 created column ztel_bla.obraz
2013.07.19 12:45:12 created column ztel_te_ip.directory_first_name
2013.07.19 12:45:19 created column ztel_te_ip.phonebook_first_name
2013.07.19 12:45:25 created column ztel_te_ip.phonebook_name
2013.07.19 12:45:32 created column ztel_te_ip.set_type
2013.07.19 12:45:37 created column ztel_te_ko.link_opis
2013.07.19 12:45:43 created column ztel_te_ko.model
2013.07.19 12:45:49 created column ztel_te_ko.obraz
2013.07.19 13:35:06 created table zrodzaj_drukarki
2013.07.19 13:35:06 created column zrodzaj_drukarki.ex_name
2013.07.19 13:35:12 created table zrodzaj_monitora
2013.07.19 13:35:12 created column zrodzaj_monitora.ex_name
2013.07.19 13:35:19 created table zrodzaj_wydruku
2013.07.19 13:35:19 created column zrodzaj_wydruku.ex_name
2013.07.19 13:35:27 created table zrozmiar_monitora
2013.07.19 13:35:27 created column zrozmiar_monitora.ex_name
2013.07.19 13:35:27 created column zrozmiar_monitora.monitor_size
2013.07.19 13:35:34 created table ztyp_komputera
2013.07.19 13:35:34 created column ztyp_komputera.ex_name
2013.07.19 13:35:42 created table ztyp_procesora
2013.07.19 13:35:42 created column ztyp_procesora.ex_name
2013.07.19 13:35:49 created column zst_ro_dru.adres_ip
2013.07.19 13:35:56 created column zst_ro_dru.lan
2013.07.19 13:36:03 created column zst_ro_dru.lpt
2013.07.19 13:36:10 created column zst_ro_dru.management_url
2013.07.19 13:36:17 created column zst_ro_dru.rodzaj_drukarki
2013.07.19 13:36:24 created column zst_ro_dru.rodzaj_wydruku
2013.07.19 13:36:32 created column zst_ro_dru.usb
2013.07.19 13:36:38 created column zst_ro_kom.adres_ip
2013.07.19 13:36:47 created column zst_ro_kom.cd_dvd
2013.07.19 13:36:54 created column zst_ro_kom.ilosc_procesorow
2013.07.19 13:37:00 created column zst_ro_kom.ilosc_ram
2013.07.19 13:37:08 created column zst_ro_kom.karta_sieciowa
2013.07.19 13:37:14 created column zst_ro_kom.procesor
2013.07.19 13:37:21 created column zst_ro_kom.rozmiar_hdd
2013.07.19 13:37:28 created column zst_ro_kom.typ
2013.07.19 13:37:35 created column zst_ro_kom.zegar_cpu
2013.07.19 13:37:41 created column zst_ro_mon.dvi
2013.07.19 13:37:49 created column zst_ro_mon.hdmi
2013.07.19 13:37:55 created column zst_ro_mon.rodzaj
2013.07.19 13:38:02 created column zst_ro_mon.rozmiar
2013.07.19 13:38:08 created column zst_ro_mon.usb
2013.07.19 13:38:15 created column zst_ro_mon.vga
2013.07.19 13:38:21 created column zst_ro_ur_wi.adres_ip
2013.07.19 13:38:28 created column zst_ro_ur_wi.faks
2013.07.19 13:38:34 created column zst_ro_ur_wi.ksero
2013.07.19 13:38:39 created column zst_ro_ur_wi.lan
2013.07.19 13:38:45 created column zst_ro_ur_wi.lpt
2013.07.19 13:38:53 created column zst_ro_ur_wi.management_url
2013.07.19 13:38:59 created column zst_ro_ur_wi.rodzaj_drukarki
2013.07.19 13:39:05 created column zst_ro_ur_wi.rodzaj_wydruku
2013.07.19 13:39:12 created column zst_ro_ur_wi.skaner
2013.07.19 13:39:18 created column zst_ro_ur_wi.usb
2013.07.19 15:56:09 created column usp_organization.zid
2013.07.24 17:23:41 created column ci_twa_ci.ztyp_lokalizacji
2013.07.30 14:52:58 created column Act_Log.zfirma
2013.07.30 14:53:06 created column Call_Req.zmpk
2013.07.30 14:53:14 created column Call_Req.zuwagifz
2013.07.30 15:49:04 created column zadm_sa_ko.ekran
2013.07.31 12:28:15 created column Call_Req.zcustomer
2013.08.01 11:43:57 created column zst_ro_kom.monitor_nazwa
2013.08.01 11:44:09 created column zst_ro_kom.monitor_rozmiar
2013.08.01 14:53:11 created table zst_pa_dr_fa
2013.08.01 14:53:11 created column zst_pa_dr_fa.ex_name
2013.08.01 14:53:20 created table zst_pa_dr_fi
2013.08.01 14:53:20 created column zst_pa_dr_fi.ex_name
2013.08.01 14:53:29 created table zst_pa_dr_mf
2013.08.01 14:53:29 created column zst_pa_dr_mf.ex_name
2013.08.01 14:53:36 created table zst_pa_dys
2013.08.01 14:53:36 created column zst_pa_dys.ex_name
2013.08.01 14:53:45 created table zst_pa_ko_da
2013.08.01 14:53:45 created column zst_pa_ko_da.ex_name
2013.08.01 14:53:53 created table zst_pa_pin
2013.08.01 14:53:53 created column zst_pa_pin.ex_name
2013.08.01 14:54:01 created table zst_pa_st_dy
2013.08.01 14:54:01 created column zst_pa_st_dy.ex_name
2013.08.01 14:54:09 created table zst_pa_st_so
2013.08.01 14:54:09 created column zst_pa_st_so.ex_name
2013.08.01 14:54:18 created table zst_pa_szu
2013.08.01 14:54:18 created column zst_pa_szu.ex_name
2013.08.01 14:54:25 created table zst_pa_te_ka_pl
2013.08.01 14:54:25 created column zst_pa_te_ka_pl.ex_name
2013.08.01 14:54:33 created table zst_pa_ups
2013.08.01 14:54:33 created column zst_pa_ups.ex_name
2013.08.01 14:54:40 created table zst_pa_we_ce
2013.08.01 14:54:40 created column zst_pa_we_ce.ex_name
2013.08.01 15:23:11 created column zst_pa_dr_fi.czas_ostatniego_raportu
2013.08.01 15:23:18 created column zst_pa_dr_fi.drukarka_rezerwowa
2013.08.01 15:23:28 created column zst_pa_dr_fi.ilosc_raportow
2013.08.01 15:23:36 created column zst_pa_dr_fi.komunikacja
2013.08.01 15:23:44 created column zst_pa_dr_fi.miejscowosc
2013.08.01 15:23:53 created column zst_pa_dr_fi.typ
2013.08.01 15:24:01 created column zst_pa_dr_fi.ulica
2013.08.01 15:24:11 created column zst_pa_dr_mf.adres_ip
2013.08.01 15:24:19 created column zst_pa_dr_mf.ilosc_tonera
2013.08.01 15:24:27 created column zst_pa_ko_da.nr_kolektora
2013.08.01 15:24:35 created column zst_pa_ko_da.typ_kolektora
2013.08.01 15:24:43 created column zst_pa_ko_da.wersja_aplikacji
2013.08.01 15:24:50 created column zst_pa_pin.status
2013.08.01 15:24:58 created column zst_pa_pin.wersja
2013.08.01 15:25:07 created column zst_pa_te_ka_pl.maska_modulu
2013.08.01 15:25:16 created column zst_pa_te_ka_pl.merchaddr1
2013.08.01 15:25:24 created column zst_pa_te_ka_pl.merchaddr2
2013.08.01 15:25:34 created column zst_pa_te_ka_pl.merchname
2013.08.01 15:25:43 created column zst_pa_te_ka_pl.pos_id
2013.08.01 15:25:51 created column zst_pa_te_ka_pl.rodzaj_terminala
2013.08.01 15:26:00 created column zst_pa_te_ka_pl.wersja_terminala
2013.08.01 15:26:08 created column zst_pa_ups.czas_baterii
2013.08.01 15:26:16 created column zst_pa_ups.naladowanie
2013.08.01 15:26:24 created column zst_pa_ups.napiecie_wejsciowe
2013.08.01 15:26:34 created column zst_pa_ups.obciazenie
2013.08.01 15:26:42 created column zst_pa_ups.status
2013.08.01 15:26:51 created column zst_pa_ups.wymiana_baterii
2013.08.02 10:56:05 created table zSLA
2013.08.02 10:56:05 created column zSLA.sym
2013.08.02 10:56:05 created column zSLA.usluga
2013.08.02 10:56:10 created column Service_Desc.zsla
2013.08.02 11:25:17 created column zSLA.delete_flag
2013.08.02 11:42:34 created column zSLA.tenant
2013.08.02 12:31:00 created column Call_Req.zsla
2013.08.02 15:48:46 created column usp_owned_resource.zMPK
2013.08.02 16:29:42 created column usp_owned_resource.zsap_inne
2013.08.05 11:28:21 created table zinteg_AD_OUs
2013.08.05 11:28:21 created column zinteg_AD_OUs.name
2013.08.05 11:28:28 created column usp_owned_resource.znr_inwentarzowy
2013.08.05 12:26:57 created column zinteg_AD_OUs.delete_flag
2013.08.05 12:42:30 created column usp_contact.zwyl
2013.08.05 14:04:44 created column ca_location.zisGasStation
2013.08.05 14:32:42 created column ca_location.znazwa_integratora
2013.08.05 14:32:50 created column ca_location.zregion
2013.08.06 10:34:01 created column Call_Req.zloc
2013.08.08 12:40:07 created column usp_contact.zuserAccountControl
2013.08.13 11:35:57 created table zlrel_pcat_cnt
2013.08.13 11:35:57 created column zlrel_pcat_cnt.cnt
2013.08.13 11:35:57 created column zlrel_pcat_cnt.pcat
2013.08.13 11:35:59 created column usp_contact.zakceptujacy
2013.08.13 11:36:00 created column Prob_Category.zgroup1
2013.08.13 11:36:02 created column Prob_Category.zmanager1
2013.08.13 11:54:24 created column Prob_Category.zgrouprules
2013.08.13 12:40:48 created table zas
2013.08.13 12:40:48 created column zas.sym
2013.08.13 12:40:49 created column Prob_Category.zgroup1rules
2013.08.13 14:30:45 created column Prob_Category.zgroup2
2013.08.13 14:30:47 created column Prob_Category.zgroup2rules
2013.08.13 14:30:48 created column Prob_Category.zmanager2
2013.08.13 15:02:37 created column Prob_Category.zgroup3
2013.08.13 15:02:39 created column Prob_Category.zgroup3rules
2013.08.13 15:02:41 created column Prob_Category.zgroup4
2013.08.13 15:02:42 created column Prob_Category.zgroup4rules
2013.08.13 15:02:44 created column Prob_Category.zmanager3
2013.08.13 15:02:46 created column Prob_Category.zmanager4
2013.08.14 12:52:47 created table zacctypes
2013.08.14 12:52:47 created column zacctypes.sym
2013.08.14 12:52:49 created column Prob_Category.zacctype1
2013.08.14 12:52:50 created column Prob_Category.zacctype2
2013.08.14 12:52:52 created column Prob_Category.zacctype3
2013.08.14 12:52:54 created column Prob_Category.zacctype4
2013.08.21 11:42:41 created column Change_Request.zchgcat
2013.08.21 15:11:27 created column Prob_Category.zchg_flag
2013.08.22 15:25:28 created table zlrel_zsla_site
2013.08.22 15:25:28 created column zlrel_zsla_site.site
2013.08.22 15:25:28 created column zlrel_zsla_site.zsla
2013.08.22 15:25:30 created column Prob_Category.zchgCatRel
2013.08.22 16:31:52 created column zlrel_pcat_cnt.lvl
2013.08.23 09:38:34 created table zlrel_pcat_cnt1
2013.08.23 09:38:34 created column zlrel_pcat_cnt1.cnt
2013.08.23 09:38:34 created column zlrel_pcat_cnt1.pcat
2013.08.23 09:38:36 created table zlrel_pcat_cnt2
2013.08.23 09:38:36 created column zlrel_pcat_cnt2.cnt
2013.08.23 09:38:36 created column zlrel_pcat_cnt2.pcat
2013.08.23 09:38:38 created table zlrel_pcat_cnt3
2013.08.23 09:38:38 created column zlrel_pcat_cnt3.cnt
2013.08.23 09:38:38 created column zlrel_pcat_cnt3.pcat
2013.08.23 10:45:18 created table zchgclstype
2013.08.23 10:45:18 created column zchgclstype.chgclstype
2013.08.23 10:45:18 created column zchgclstype.del
2013.08.23 10:45:18 created column zchgclstype.description
2013.08.23 10:45:18 created column zchgclstype.sym
2013.08.23 11:09:11 created column Prob_Category.zcntref1rules
2013.08.23 11:09:13 created column Prob_Category.zcntref2rules
2013.08.23 11:09:14 created column Prob_Category.zcntref3rules
2013.08.23 11:09:16 created column Prob_Category.zcntrefrules
2013.08.23 12:29:58 created table zchgimp
2013.08.23 12:29:58 created column zchgimp.del
2013.08.23 12:29:58 created column zchgimp.description
2013.08.23 12:29:58 created column zchgimp.sym
2013.08.23 12:29:59 created table zchgurl
2013.08.23 12:29:59 created column zchgurl.delete_flag
2013.08.23 12:29:59 created column zchgurl.description
2013.08.23 12:29:59 created column zchgurl.sym
2013.08.23 14:39:06 created table zchgcode
2013.08.23 14:39:06 created column zchgcode.del
2013.08.23 14:39:06 created column zchgcode.description
2013.08.23 14:39:06 created column zchgcode.Symbol
2013.08.23 16:33:20 created table zchgresource
2013.08.23 16:33:20 created column zchgresource.del
2013.08.23 16:33:20 created column zchgresource.description
2013.08.23 16:33:20 created column zchgresource.sym
2013.08.23 17:07:02 created column Change_Request.zchgcode
2013.08.23 17:07:03 created column Change_Request.zchgimpact
2013.08.23 17:07:05 created column Change_Request.zchgresource
2013.08.23 17:07:07 created column Change_Request.zchgurgency
2013.08.28 11:19:33 created column Call_Req.zacctype1
2013.08.28 11:19:34 created column Call_Req.zacctype2
2013.08.28 11:19:36 created column Call_Req.zacctype3
2013.08.28 11:19:38 created column Call_Req.zacctype4
2013.08.28 11:19:39 created column Call_Req.zcntref1rules
2013.08.28 11:19:41 created column Call_Req.zcntref2rules
2013.08.28 11:19:42 created column Call_Req.zcntref3rules
2013.08.28 11:19:44 created column Call_Req.zcntref4rules
2013.08.28 11:19:46 created column Call_Req.zgroup1
2013.08.28 11:19:47 created column Call_Req.zgroup1rules
2013.08.28 11:19:49 created column Call_Req.zgroup2
2013.08.28 11:19:50 created column Call_Req.zgroup2rules
2013.08.28 11:19:52 created column Call_Req.zgroup3
2013.08.28 11:19:53 created column Call_Req.zgroup3rules
2013.08.28 11:19:55 created column Call_Req.zgroup4
2013.08.28 11:19:57 created column Call_Req.zgroup4rules
2013.08.28 11:19:58 created column Call_Req.zlvl
2013.08.28 11:20:00 created column Call_Req.zmanager1
2013.08.28 11:20:01 created column Call_Req.zmanager2
2013.08.28 11:20:03 created column Call_Req.zmanager3
2013.08.28 11:20:04 created column Call_Req.zmanager4
2013.08.28 11:47:08 created table zlrel_cr_cnt
2013.08.28 11:47:08 created column zlrel_cr_cnt.cnt
2013.08.28 11:47:08 created column zlrel_cr_cnt.cr
2013.08.28 11:47:09 created table zlrel_cr_cnt1
2013.08.28 11:47:09 created column zlrel_cr_cnt1.cnt
2013.08.28 11:47:09 created column zlrel_cr_cnt1.cr
2013.08.28 11:47:11 created table zlrel_cr_cnt2
2013.08.28 11:47:11 created column zlrel_cr_cnt2.cnt
2013.08.28 11:47:11 created column zlrel_cr_cnt2.cr
2013.08.28 11:47:13 created table zlrel_cr_cnt3
2013.08.28 11:47:13 created column zlrel_cr_cnt3.cnt
2013.08.28 11:47:13 created column zlrel_cr_cnt3.cr
2013.09.02 14:33:05 created column Change_Category.zSubstantiveAdministrator
2013.09.02 14:33:07 created column Change_Category.zType
2013.09.02 16:42:20 created column usp_contact.zaccept_by_sms
2013.09.02 16:42:22 created column usp_contact.zaccept_by_sms_terms
2013.09.02 16:42:23 created column usp_contact.zsubstitution_additionalinfo
2013.09.02 16:42:25 created column usp_contact.zsubstitution_enddate
2013.09.02 16:42:27 created column usp_contact.zsubstitution_person
2013.09.05 11:54:34 created table zServiceClassDictionary
2013.09.05 11:54:34 created column zServiceClassDictionary.Decription
2013.09.05 11:54:34 created column zServiceClassDictionary.delete_flag
2013.09.05 11:54:34 created column zServiceClassDictionary.sym
2013.09.05 11:54:36 created table zServiceTypeDictionary
2013.09.05 11:54:36 created column zServiceTypeDictionary.Description
2013.09.05 11:54:36 created column zServiceTypeDictionary.delete_flag
2013.09.05 11:54:36 created column zServiceTypeDictionary.sym
2013.09.05 15:42:03 created table zchgclass
2013.09.05 15:42:03 created column zchgclass.delete_flag
2013.09.05 15:42:03 created column zchgclass.sym
2013.09.05 15:42:05 created column Change_Request.zVendor
2013.09.05 15:42:06 created column Change_Request.zanalistStar
2013.09.05 16:52:43 created column Change_Request.zchgclass
2013.09.05 17:24:50 created table zchgcategory
2013.09.05 17:24:50 created column zchgcategory.delete_flag
2013.09.05 17:24:50 created column zchgcategory.sym
2013.09.05 17:33:59 created column Change_Request.zchcategory
2013.09.05 17:54:36 created column Change_Request.zcategory
2013.09.05 19:07:34 created column Change_Category.zChangeClass
2013.09.06 10:29:15 created table zRFCFinancialBenefits
2013.09.06 10:29:15 created column zRFCFinancialBenefits.delete_flag
2013.09.06 10:29:15 created column zRFCFinancialBenefits.sym
2013.09.06 10:29:17 created table zRFCImactOnSecurity
2013.09.06 10:29:17 created column zRFCImactOnSecurity.delete_flag
2013.09.06 10:29:17 created column zRFCImactOnSecurity.sym
2013.09.06 10:29:19 created table zRFCImprovingTheImage
2013.09.06 10:29:19 created column zRFCImprovingTheImage.delete_flag
2013.09.06 10:29:19 created column zRFCImprovingTheImage.sym
2013.09.06 10:29:20 created table zRFCNeedForLaw
2013.09.06 10:29:20 created column zRFCNeedForLaw.delete_flag
2013.09.06 10:29:20 created column zRFCNeedForLaw.sym
2013.09.06 10:29:22 created column Change_Request.zRFCImprovingTheImage
2013.09.06 10:29:24 created column Change_Request.zRFCNeedForLaw
2013.09.06 10:29:25 created column Call_Req.zAdditionalInfo
2013.09.06 10:29:27 created column Call_Req.zJustificationForUrgency
2013.09.06 10:29:28 created column Call_Req.zRFCImprovingTheImage
2013.09.06 10:29:30 created column Call_Req.zRFCNeedForLaw
2013.09.06 11:04:13 created column Change_Request.zAdditionalInfo
2013.09.06 11:04:15 created column Change_Request.zJustificationForUrgency
2013.09.06 11:04:17 created column Change_Request.zRFCFinancialBenefits
2013.09.06 11:04:18 created column Change_Request.zRFCImactOnSecurity
2013.09.06 11:04:20 created column Call_Req.zRFCFinancialBenefits
2013.09.06 11:04:22 created column Call_Req.zRFCImactOnSecurity
2013.09.06 11:04:23 created column Call_Req.zRFCTargetTime
2013.09.07 15:46:39 created table zlrel_org_kontr
2013.09.07 15:46:39 created column zlrel_org_kontr.kontr
2013.09.07 15:46:39 created column zlrel_org_kontr.org
2013.09.09 15:41:51 created table zBusinessServiceKind
2013.09.09 15:41:51 created column zBusinessServiceKind.delete_flag
2013.09.09 15:41:51 created column zBusinessServiceKind.sym
2013.09.09 15:41:53 created table zBusinessServiceType
2013.09.09 15:41:53 created column zBusinessServiceType.delete_flag
2013.09.09 15:41:53 created column zBusinessServiceType.sym
2013.09.09 15:41:55 created table zMethodOfSettlement
2013.09.09 15:41:55 created column zMethodOfSettlement.delete_flag
2013.09.09 15:41:55 created column zMethodOfSettlement.sym
2013.09.09 15:41:56 created column entservx.zAdjustedServiceCost
2013.09.09 15:41:58 created column entservx.zBusinessServiceKind
2013.09.09 15:42:00 created column entservx.zBusinessServiceType
2013.09.09 15:42:01 created column entservx.zFinansialService
2013.09.09 15:42:03 created column entservx.zPlannedServiceCost
2013.09.09 15:42:05 created column entservx.zServiceOwner
2013.09.09 15:42:07 created column entservx.zServicePackage
2013.09.09 15:42:08 created column entservx.zmethodOfSettlement
2013.09.09 17:14:02 created column Change_Request.zRFCTargetTime
2013.09.10 09:18:33 created column Call_Req.ztermin_realizacji
2013.09.10 09:18:34 created column Events.zpriority
2013.09.10 09:18:36 created column Service_Contract.zusluga
2013.09.10 12:24:09 created table zCurrencyType
2013.09.10 12:24:09 created column zCurrencyType.delete_flag
2013.09.10 12:24:09 created column zCurrencyType.sym
2013.09.10 12:24:10 created column entservx.zCurrencyType
2013.09.10 15:31:24 created column Act_Log.zresolution_code
2013.09.10 15:31:26 created column Call_Req.zrozwiazanie
2013.09.10 15:31:28 created column usp_resolution_code.zcrs
2013.09.13 11:27:39 created table zContractors
2013.09.13 11:27:39 created column zContractors.City
2013.09.13 11:27:39 created column zContractors.Country
2013.09.13 11:27:39 created column zContractors.PostCode
2013.09.13 11:27:39 created column zContractors.Street
2013.09.13 11:27:39 created column zContractors.sym
2013.09.13 11:27:40 created table zCorrespondenceLetterType
2013.09.13 11:27:40 created column zCorrespondenceLetterType.sym
2013.09.13 11:27:42 created table zCorrespondenceType
2013.09.13 11:27:42 created column zCorrespondenceType.sym
2013.09.13 12:01:00 created table zCorrespondence
2013.09.13 12:01:00 created column zCorrespondence.CorrespondenceLetter
2013.09.13 12:01:00 created column zCorrespondence.Description
2013.09.13 12:01:00 created column zCorrespondence.INIncomeDate
2013.09.13 12:01:00 created column zCorrespondence.INRecipientEmployee
2013.09.13 12:01:00 created column zCorrespondence.INRecipientOrganization
2013.09.13 12:01:00 created column zCorrespondence.INSender
2013.09.13 12:01:00 created column zCorrespondence.INSenderCity
2013.09.13 12:01:00 created column zCorrespondence.INSenderCountry
2013.09.13 12:01:00 created column zCorrespondence.INSenderPostCode
2013.09.13 12:01:00 created column zCorrespondence.INSenderStreet
2013.09.13 12:01:00 created column zCorrespondence.LetterNumber
2013.09.13 12:01:00 created column zCorrespondence.Note
2013.09.13 12:01:00 created column zCorrespondence.OUTOutcomeDate
2013.09.13 12:01:00 created column zCorrespondence.OUTRecipient
2013.09.13 12:01:00 created column zCorrespondence.OUTRecipientCity
2013.09.13 12:01:00 created column zCorrespondence.OUTRecipientCountry
2013.09.13 12:01:00 created column zCorrespondence.OUTRecipientPostCode
2013.09.13 12:01:00 created column zCorrespondence.OUTRecipientStreet
2013.09.13 12:01:00 created column zCorrespondence.OUTSenderEmployee
2013.09.13 12:01:00 created column zCorrespondence.OUTSenderOrganization
2013.09.13 12:01:00 created column zCorrespondence.Type
2013.09.13 12:01:00 created column zCorrespondence.sym
2013.09.13 16:17:38 created table zCorrespondanceOucome
2013.09.13 16:17:38 created column zCorrespondanceOucome.City
2013.09.13 16:17:38 created column zCorrespondanceOucome.CorrespondanceLetterType
2013.09.13 16:17:38 created column zCorrespondanceOucome.Country
2013.09.13 16:17:38 created column zCorrespondanceOucome.Description
2013.09.13 16:17:38 created column zCorrespondanceOucome.LetterNumber
2013.09.13 16:17:38 created column zCorrespondanceOucome.Note
2013.09.13 16:17:38 created column zCorrespondanceOucome.OutcomeDate
2013.09.13 16:17:38 created column zCorrespondanceOucome.PostCode
2013.09.13 16:17:38 created column zCorrespondanceOucome.Recipient
2013.09.13 16:17:38 created column zCorrespondanceOucome.SenderEmployee
2013.09.13 16:17:38 created column zCorrespondanceOucome.SenderOrganization
2013.09.13 16:17:38 created column zCorrespondanceOucome.Street
2013.09.13 16:17:38 created column zCorrespondanceOucome.sym
2013.09.13 16:17:40 created table zCorrespondenceIncome
2013.09.13 16:17:40 created column zCorrespondenceIncome.City
2013.09.13 16:17:40 created column zCorrespondenceIncome.CorrespondanceLetterType
2013.09.13 16:17:40 created column zCorrespondenceIncome.Country
2013.09.13 16:17:40 created column zCorrespondenceIncome.Description
2013.09.13 16:17:40 created column zCorrespondenceIncome.IncomeDate
2013.09.13 16:17:40 created column zCorrespondenceIncome.LetterNumber
2013.09.13 16:17:40 created column zCorrespondenceIncome.Note
2013.09.13 16:17:40 created column zCorrespondenceIncome.PostCode
2013.09.13 16:17:40 created column zCorrespondenceIncome.RecipientEmployee
2013.09.13 16:17:40 created column zCorrespondenceIncome.RecipientOrganization
2013.09.13 16:17:40 created column zCorrespondenceIncome.Sender
2013.09.13 16:17:40 created column zCorrespondenceIncome.Street
2013.09.13 16:17:40 created column zCorrespondenceIncome.sym
2013.09.13 17:05:09 created column zCorrespondanceOucome.delete_flag
2013.09.13 17:05:11 created column zCorrespondenceIncome.delete_flag
2013.09.13 19:05:42 created table zArea
2013.09.13 19:05:42 created column zArea.delete_flag
2013.09.13 19:05:42 created column zArea.sym
2013.09.13 19:05:44 created table zHelpDeskType
2013.09.13 19:05:44 created column zHelpDeskType.delete_flag
2013.09.13 19:05:44 created column zHelpDeskType.sym
2013.09.13 19:05:46 created column usp_contact.zArea
2013.09.13 19:05:47 created column usp_contact.zHelpDeskType
2013.09.13 19:05:49 created column Rootcause.zTyp
2013.09.13 19:05:50 created column usp_resolution_code.zTyp
2013.09.16 11:11:57 created column zContractors.delete_flag
2013.09.16 12:43:41 created column zCorrespondenceIncome.ref_num
2013.09.16 14:39:46 created column zCorrespondanceOucome.ref_num
2013.09.16 15:55:09 created column Call_Req.zfz
2013.09.16 15:55:10 created column Call_Req.zfzsdsc
2013.09.16 15:55:12 created column Call_Req.zfzsla
2013.09.16 15:55:14 created column Call_Req.zfztermin_realizacji
2013.09.16 15:55:15 created column Call_Req.zsdsc
2013.09.16 15:55:17 created column zSLA.forfz
2013.09.16 17:51:09 created column usp_organization.zfz
2013.09.18 15:29:47 created column Note_Board.zHelpDeskType
2013.09.18 15:29:49 created column entservx.zSeverity
2013.09.19 19:08:43 created column Change_Category.zusluga
2013.09.19 19:08:45 created column Prob_Category.zusluga
2013.09.23 16:07:45 created table zrodzaj_kateringu
2013.09.23 16:07:45 created column zrodzaj_kateringu.ex_name
2013.09.23 16:07:47 created column Call_Req.zisRoomReservation
2013.09.23 16:15:48 created column Call_Req.zkatering
2013.09.25 12:25:23 created column ca_company.zusluga
2013.09.26 13:15:40 created table zSettlementPeriod
2013.09.26 13:15:40 created column zSettlementPeriod.delete_flag
2013.09.26 13:15:40 created column zSettlementPeriod.sym
2013.09.26 13:15:43 created column entservx.zSettlementPeriod
2013.09.26 13:15:44 created column usp_owned_resource.znoticeperiod
2013.09.26 13:15:46 created column usp_owned_resource.zvice_billing_contact_uuid
2013.09.26 13:15:48 created column usp_owned_resource.zvice_support_contact1_uuid
2013.09.26 13:15:50 created column Service_Contract.zscopeCallCenter
2013.09.26 13:15:51 created column Service_Contract.zscopeCallCenterBool
2013.09.26 13:15:53 created column Service_Contract.zscopeExternalSupport
2013.09.26 13:15:55 created column Service_Contract.zscopeExternalSupportBool
2013.09.26 13:15:57 created column Service_Contract.zscopeITDepartment
2013.09.26 13:15:58 created column Service_Contract.zscopeITDepartmentBool
2013.09.26 13:44:08 created column usp_owned_resource.zmodel
2013.09.26 14:08:33 created column Service_Contract.znoticePeriod
2013.09.27 10:02:56 created column Req_Property.zegar
2013.09.27 10:02:58 created column Req_Property.zkalendarz
2013.09.27 10:03:00 created column Req_Property_Template.zegar
2013.09.27 10:03:02 created column Req_Property_Template.zkalendarz
2013.09.27 10:28:07 created table zlrel_attachment_nrs
2013.09.27 10:28:07 created column zlrel_attachment_nrs.attmnt
2013.09.27 10:28:07 created column zlrel_attachment_nrs.nr
2013.09.30 16:37:29 created column Call_Req.zRaportowany
2013.10.02 10:30:44 created column Call_Req.zcorIN
2013.10.02 10:30:45 created column Call_Req.zcorOUT
2013.10.04 12:12:03 created column Call_Req.zreport
2013.10.04 12:12:04 created column zArea.description
2013.10.04 12:12:05 created column zHelpDeskType.description
2013.10.04 12:12:06 created column zst_ro_kom.adres_ip2
2013.10.04 12:12:07 created column zst_ro_kom.adres_ip3
2013.10.04 14:59:07 created table zst_pa_ko_bos
2013.10.04 14:59:07 created column zst_pa_ko_bos.ex_name
2013.10.04 14:59:08 created table zst_pa_ko_pos
2013.10.04 14:59:08 created column zst_pa_ko_pos.ex_name
2013.10.04 14:59:09 created table zst_pa_se_sp
2013.10.04 14:59:09 created column zst_pa_se_sp.ex_name
2013.10.04 15:12:20 created column zst_pa_ko_pos.adres_ip
2013.10.04 15:12:21 created column zst_pa_ko_pos.adres_ip2
2013.10.04 15:12:22 created column zst_pa_ko_pos.adres_ip3
2013.10.04 15:12:23 created column zst_pa_ko_pos.cd_dvd
2013.10.04 15:12:24 created column zst_pa_ko_pos.ilosc_procesorow
2013.10.04 15:12:25 created column zst_pa_ko_pos.ilosc_ram
2013.10.04 15:12:26 created column zst_pa_ko_pos.karta_sieciowa
2013.10.04 15:12:27 created column zst_pa_ko_pos.monitor_nazwa
2013.10.04 15:12:28 created column zst_pa_ko_pos.monitor_rozmiar
2013.10.04 15:12:29 created column zst_pa_ko_pos.procesor
2013.10.04 15:12:30 created column zst_pa_ko_pos.rozmiar_hdd
2013.10.04 15:12:31 created column zst_pa_ko_pos.typ
2013.10.04 15:12:32 created column zst_pa_ko_pos.zegar_cpu
2013.10.07 12:24:02 created table zlrel_cr_correspondence_in
2013.10.07 12:24:02 created column zlrel_cr_correspondence_in.correspondence_in
2013.10.07 12:24:02 created column zlrel_cr_correspondence_in.cr
2013.10.07 12:24:03 created table zlrel_cr_correspondence_ou
2013.10.07 12:24:03 created column zlrel_cr_correspondence_ou.correspondence_out
2013.10.07 12:24:03 created column zlrel_cr_correspondence_ou.cr
2013.10.07 12:24:04 created column zCorrespondanceOucome.cr
2013.10.07 12:24:05 created column zCorrespondenceIncome.cr
2013.10.07 12:50:34 created column zst_pa_ko_bos.adres_ip
2013.10.07 12:50:35 created column zst_pa_ko_bos.adres_ip2
2013.10.07 12:50:36 created column zst_pa_ko_bos.adres_ip3
2013.10.07 12:50:37 created column zst_pa_ko_bos.cd_dvd
2013.10.07 12:50:38 created column zst_pa_ko_bos.ilosc_procesorow
2013.10.07 12:50:39 created column zst_pa_ko_bos.ilosc_ram
2013.10.07 12:50:40 created column zst_pa_ko_bos.karta_sieciowa
2013.10.07 12:50:41 created column zst_pa_ko_bos.monitor_nazwa
2013.10.07 12:50:42 created column zst_pa_ko_bos.monitor_rozmiar
2013.10.07 12:50:43 created column zst_pa_ko_bos.procesor
2013.10.07 12:50:44 created column zst_pa_ko_bos.rozmiar_hdd
2013.10.07 12:50:45 created column zst_pa_ko_bos.typ
2013.10.07 12:50:46 created column zst_pa_ko_bos.zegar_cpu
2013.10.07 13:10:01 created column zst_pa_se_sp.adres_ip
2013.10.07 13:10:02 created column zst_pa_se_sp.adres_ip2
2013.10.07 13:10:03 created column zst_pa_se_sp.adres_ip3
2013.10.07 13:10:04 created column zst_pa_se_sp.cd_dvd
2013.10.07 13:10:05 created column zst_pa_se_sp.ilosc_procesorow
2013.10.07 13:10:06 created column zst_pa_se_sp.ilosc_ram
2013.10.07 13:10:07 created column zst_pa_se_sp.karta_sieciowa
2013.10.07 13:10:08 created column zst_pa_se_sp.monitor_nazwa
2013.10.07 13:10:09 created column zst_pa_se_sp.monitor_rozmiar
2013.10.07 13:10:10 created column zst_pa_se_sp.procesor
2013.10.07 13:10:11 created column zst_pa_se_sp.rozmiar_hdd
2013.10.07 13:10:12 created column zst_pa_se_sp.typ
2013.10.07 13:10:13 created column zst_pa_se_sp.zegar_cpu
2013.10.07 14:12:26 created column usp_owned_resource.zvalue_net_string
2013.10.07 14:12:27 created column usp_owned_resource.zvalue_start_string
2013.10.07 17:45:23 created table zinf_se_fi
2013.10.07 17:45:23 created column zinf_se_fi.ex_name
2013.10.07 17:45:24 created table zst_ro_ska
2013.10.07 17:45:24 created column zst_ro_ska.ex_name
2013.10.07 17:52:03 created table zinf_ur_si
2013.10.07 17:52:03 created column zinf_ur_si.ex_name
2013.10.07 18:04:11 created table ztyp_skanera
2013.10.07 18:04:11 created column ztyp_skanera.ex_name
2013.10.07 18:04:12 created column zst_ro_ska.lpt
2013.10.07 18:04:13 created column zst_ro_ska.typ
2013.10.07 18:04:14 created column zst_ro_ska.usb
2013.10.07 18:16:41 created table ztyp_urzadzenia_siec
2013.10.07 18:16:41 created column ztyp_urzadzenia_siec.ex_name
2013.10.07 18:16:42 created column zinf_ur_si.first_time_seen
2013.10.07 18:16:43 created column zinf_ur_si.poll_status
2013.10.07 18:16:44 created column zinf_ur_si.polled_ip_address
2013.10.07 18:16:45 created column zinf_ur_si.typ
2013.10.07 18:16:46 created column zinf_ur_si.version
2013.10.07 18:40:50 created table ztryb_monitorowania
2013.10.07 18:40:50 created column ztryb_monitorowania.ex_name
2013.10.07 18:40:51 created table ztyp_serwera
2013.10.07 18:40:51 created column ztyp_serwera.ex_name
2013.10.07 18:40:52 created column zinf_se_fi.adres_ip
2013.10.07 18:40:53 created column zinf_se_fi.adres_ip2
2013.10.07 18:40:54 created column zinf_se_fi.adres_ip3
2013.10.07 18:40:55 created column zinf_se_fi.cache_procesora
2013.10.07 18:40:56 created column zinf_se_fi.cd_dvd
2013.10.07 18:40:57 created column zinf_se_fi.data_ostatniego_uruchomienia
2013.10.07 18:40:58 created column zinf_se_fi.hosting
2013.10.07 18:40:59 created column zinf_se_fi.ht_active
2013.10.07 18:41:00 created column zinf_se_fi.ilosc_kart_fc
2013.10.07 18:41:01 created column zinf_se_fi.ilosc_kart_sieciowych
2013.10.07 18:41:02 created column zinf_se_fi.ilosc_procesorow
2013.10.07 18:41:03 created column zinf_se_fi.ilosc_ram
2013.10.07 18:41:04 created column zinf_se_fi.ilosc_rdzeni_cpu
2013.10.07 18:41:05 created column zinf_se_fi.ilosc_slotow_pamieci
2013.10.07 18:41:06 created column zinf_se_fi.ilosc_uzytych_slotow_pamieci
2013.10.07 18:41:07 created column zinf_se_fi.predkosc_procesora
2013.10.07 18:41:08 created column zinf_se_fi.rozmiar_hdd
2013.10.07 18:41:09 created column zinf_se_fi.tryb_monitorowania
2013.10.07 18:41:10 created column zinf_se_fi.typ
2013.10.07 18:41:11 created column zinf_se_fi.typ_procesora
2013.10.07 18:41:12 created column zinf_se_fi.wersja
2013.10.07 18:41:14 created column zinf_se_fi.wersja_bios
2013.10.07 18:41:15 created column zinf_se_fi.wersja_esx
2013.10.08 00:26:08 created column zinf_se_fi.rozmiar_hdd_string
2013.10.08 01:30:28 created column zst_ro_kom.rozmiar_hdd_string
2013.10.09 12:17:54 created table zlista_datastore
2013.10.09 12:17:54 created column zlista_datastore.nazwa
2013.10.09 12:17:54 created column zlista_datastore.pojemnosc
2013.10.09 12:17:54 created column zlista_datastore.sciezka
2013.10.09 12:17:54 created column zlista_datastore.wolne_miejsce
2013.10.09 12:39:03 created table zinf_se_wi
2013.10.09 12:39:03 created column zinf_se_wi.adres_ip
2013.10.09 12:39:03 created column zinf_se_wi.adres_ip2
2013.10.09 12:39:03 created column zinf_se_wi.adres_ip3
2013.10.09 12:39:03 created column zinf_se_wi.ex_name
2013.10.09 12:39:03 created column zinf_se_wi.ilosc_cpu
2013.10.09 12:39:03 created column zinf_se_wi.ilosc_ram
2013.10.09 12:39:03 created column zinf_se_wi.nazwa_datacenter
2013.10.09 12:39:03 created column zinf_se_wi.nazwa_klastra_wirt
2013.10.09 12:39:03 created column zinf_se_wi.nazwa_vswitcha
2013.10.09 12:39:03 created column zinf_se_wi.sciezka_vmx
2013.10.09 12:39:03 created column zinf_se_wi.stan
2013.10.09 12:39:03 created column zinf_se_wi.system_operacyjny
2013.10.09 12:39:03 created column zinf_se_wi.wersja_hardware
2013.10.09 12:39:03 created column zinf_se_wi.zaalokowowana_przestrzen
2013.10.09 12:39:04 created table zlista_os
2013.10.09 12:39:04 created column zlista_os.ex_name
2013.10.09 13:22:53 created table zlista_lokalizacji_logicznych
2013.10.09 13:22:53 created column zlista_lokalizacji_logicznych.ex_name
2013.10.09 13:22:54 created column zinf_se_fi.lokalizacja_logiczna
2013.10.09 13:22:55 created column zinf_se_wi.hosting
2013.10.09 13:22:56 created column zinf_se_wi.lokalizacja_logiczna
2013.10.09 13:22:57 created column zinf_se_wi.tryb_monitorowania
2013.10.09 13:44:34 created column zinf_se_wi.hdd10_datastore
2013.10.09 13:44:35 created column zinf_se_wi.hdd10_rozmiar
2013.10.09 13:44:36 created column zinf_se_wi.hdd1_datastore
2013.10.09 13:44:38 created column zinf_se_wi.hdd1_rozmiar
2013.10.09 13:44:39 created column zinf_se_wi.hdd2_datastore
2013.10.09 13:44:40 created column zinf_se_wi.hdd2_rozmiar
2013.10.09 13:44:41 created column zinf_se_wi.hdd3_datastore
2013.10.09 13:44:42 created column zinf_se_wi.hdd3_rozmiar
2013.10.09 13:44:43 created column zinf_se_wi.hdd4_datastore
2013.10.09 13:44:44 created column zinf_se_wi.hdd4_rozmiar
2013.10.09 13:44:45 created column zinf_se_wi.hdd5_datastore
2013.10.09 13:44:45 created column zinf_se_wi.hdd5_rozmiar
2013.10.09 13:44:46 created column zinf_se_wi.hdd6_datastore
2013.10.09 13:44:47 created column zinf_se_wi.hdd6_rozmiar
2013.10.09 13:44:48 created column zinf_se_wi.hdd7_datastore
2013.10.09 13:44:49 created column zinf_se_wi.hdd7_rozmiar
2013.10.09 13:44:51 created column zinf_se_wi.hdd8_datastore
2013.10.09 13:44:52 created column zinf_se_wi.hdd8_rozmiar
2013.10.09 13:44:53 created column zinf_se_wi.hdd9_datastore
2013.10.09 13:44:54 created column zinf_se_wi.hdd9_rozmiar
2013.10.15 08:49:17 created column Note_Board.zBottom
2013.10.15 08:49:19 created column Call_Req.zisRecurrenceReservation
2013.10.15 14:49:02 created column Attached_SLA.zforfz
2013.10.17 09:57:18 created column Call_Req.zcallid
2013.10.17 09:57:20 created column Prob_Category.zfzsdsc
2013.10.17 09:57:21 created column Service_Contract.zfz
2013.10.18 00:03:19 created column zContractors.Building
2013.10.18 00:03:20 created column zContractors.Room
2013.10.18 00:03:21 created column zCorrespondanceOucome.Abroad
2013.10.18 00:03:22 created column zCorrespondanceOucome.Building
2013.10.18 00:03:23 created column zCorrespondanceOucome.Room
2013.10.18 00:03:25 created column zCorrespondenceIncome.Abroad
2013.10.18 00:03:26 created column zCorrespondenceIncome.Building
2013.10.18 00:03:27 created column zCorrespondenceIncome.Room
2013.10.22 11:48:42 created column Call_Req.zActionNumbers
2013.10.22 11:48:43 created column zContractors.CountryRef
2013.10.22 11:48:44 created column zCorrespondanceOucome.CountryRef
2013.10.22 11:48:45 created column zCorrespondanceOucome.Department
2013.10.22 11:48:46 created column zCorrespondanceOucome.Name
2013.10.22 11:48:48 created column zCorrespondanceOucome.Surname
2013.10.22 11:48:49 created column zCorrespondenceIncome.CountryRef
2013.10.22 11:48:50 created column zCorrespondenceIncome.Department
2013.10.22 11:48:51 created column zCorrespondenceIncome.Name
2013.10.22 11:48:52 created column zCorrespondenceIncome.Surname
2013.10.28 14:03:26 created table ztask
2013.10.28 14:03:26 created column ztask.description
2013.10.28 14:03:28 created table ztaskclosecode
2013.10.28 14:03:28 created column ztaskclosecode.del
2013.10.28 14:03:29 created column Change_Request.zapproval_flag
2013.10.28 14:03:30 created column Call_Req.zapproval_flag
2013.10.28 14:03:31 created column Req_Property.zsekcja
2013.10.28 14:19:18 created column ztask.actual_duration
2013.10.28 14:19:19 created column ztask.asset
2013.10.28 14:19:20 created column ztask.assignee
2013.10.28 14:19:21 created column ztask.audit_userid
2013.10.28 14:19:22 created column ztask.chg
2013.10.28 14:19:24 created column ztask.closecode
2013.10.28 14:19:25 created column ztask.comments
2013.10.28 14:19:26 created column ztask.completion_date
2013.10.28 14:19:27 created column ztask.cost
2013.10.28 14:19:28 created column ztask.cr
2013.10.28 14:19:30 created column ztask.creator
2013.10.28 14:19:31 created column ztaskclosecode.sym
2013.10.28 14:40:37 created column Req_Property_Template.zsekcja
2013.10.28 14:40:38 created column ztask.date_created
2013.10.28 14:40:39 created column ztask.del
2013.10.28 14:40:41 created column ztask.done_by
2013.10.28 14:40:42 created column ztask.est_completion_date
2013.10.28 14:40:43 created column ztask.est_cost
2013.10.28 14:40:44 created column ztask.est_duration
2013.10.28 14:40:45 created column ztask.group_task
2013.10.28 14:40:46 created column ztask.parentPERSID
2013.10.28 14:40:48 created column ztask.sdgroup
2013.10.28 14:40:49 created column ztask.start_date
2013.10.28 14:40:50 created column ztask.status
2013.10.28 14:40:52 created column ztask.task
2013.10.28 14:57:57 created column Act_Type.ztask_flag
2013.10.28 14:57:58 created column Act_Type.ztask_notify_info
2013.10.28 15:19:21 created column ztask.pamtask
2013.10.30 17:41:30 created column Req_Property.zdlugoscpola
2013.10.30 17:41:31 created column Req_Property.zpoletekstowe
2013.10.30 17:41:32 created column Req_Property_Template.zdlugoscpola
2013.10.30 17:41:33 created column Req_Property_Template.zpoletekstowe
2013.11.04 17:56:01 created table zhrcmpny
2013.11.04 17:56:01 created column zhrcmpny.abbreviation
2013.11.04 17:56:01 created column zhrcmpny.sym
2013.11.04 17:56:03 created column zCorrespondanceOucome.AbbreviationCmpny
2013.11.04 17:56:04 created column zCorrespondanceOucome.FeedbackConfirmation
2013.11.04 17:56:05 created column zCorrespondenceIncome.AbbreviationCmpny
2013.11.04 17:56:06 created column zCorrespondenceIncome.FeedbackConfirmation
2013.11.04 17:56:07 created column zCorrespondenceLetterType.delete_flag
2013.11.05 16:09:20 created column zhrcmpny.delete_flag
2013.11.05 18:11:49 created column Change_Request.zinitmanager
2013.11.05 18:11:50 created column usp_contact.zcompany_root
2013.11.05 18:11:51 created column usp_contact.zflat_rate_internet
2013.11.05 18:11:52 created column usp_contact.zmiddle_name_alt
2013.11.05 18:11:53 created column usp_contact.zprevious_nre
2013.11.05 18:11:54 created column Call_Req.zinitmanager
2013.11.05 18:33:04 created table zprzyczyna
2013.11.05 18:33:04 created column zprzyczyna.idprzyczyny
2013.11.05 18:33:04 created column zprzyczyna.idtabeli
2013.11.05 18:33:04 created column zprzyczyna.sym
2013.11.05 18:33:05 created column usp_resolution_code.zidrozwiazania
2013.11.05 18:33:06 created column usp_resolution_code.zidtabeli
2013.11.06 19:37:33 created column Req_Property.zhtml
2013.11.06 19:37:34 created column Req_Property.zobjekt
2013.11.06 19:37:35 created column Req_Property.zobjektwartosc
2013.11.06 19:37:36 created column Req_Property.zodnosnik
2013.11.06 19:37:37 created column Req_Property.zodnosniktyp
2013.11.06 19:37:39 created column Task_Type.zparent_type
2013.11.07 15:48:35 created column Call_Req.zfzstatus
2013.11.07 15:48:37 created column Req_Property_Template.zhtml
2013.11.07 15:48:38 created column Req_Property_Template.zobjekt
2013.11.07 15:48:39 created column Req_Property_Template.zobjektwartosc
2013.11.07 15:48:40 created column Req_Property_Template.zodnosnik
2013.11.07 15:48:41 created column Req_Property_Template.zodnosniktyp
2013.11.07 15:48:42 created column usp_organization.zgroup
2013.11.07 19:04:03 created column Cr_Status.zss_sym
2013.11.07 21:38:55 created table ztasktype
2013.11.07 21:38:55 created column ztasktype.del
2013.11.07 21:38:55 created column ztasktype.sym
2013.11.07 21:38:55 created column ztasktype.task
2013.11.07 21:38:56 created column usp_contact.zmanager2
2013.11.07 21:38:57 created column Req_Property.zliczba
2013.11.07 21:38:58 created column Req_Property_Template.zliczba
2013.11.07 21:39:00 created column ztask.deliveredServices
2013.11.07 21:39:01 created column ztask.expertise
2013.11.07 21:39:02 created column ztask.installedSoftware
2013.11.07 21:39:03 created column ztask.laborCost
2013.11.07 21:39:04 created column ztask.partsCost
2013.11.07 21:39:05 created column ztask.rate
2013.11.07 21:39:07 created column ztask.spenttime
2013.11.07 21:39:08 created column ztask.taskType
2013.11.07 21:39:09 created column ztask.usedParts
2013.11.08 00:30:05 created column Call_Req.zphone_number
2013.11.08 00:44:49 created column ztask.taskType2
2013.11.08 17:55:43 created column Call_Req.zprzyczyna
2013.11.08 17:55:44 created column ztask.assignee_agt
2013.11.11 13:30:09 created column zSLA.fz
2013.11.11 20:54:42 created column zadm_lok.catering_email_address
2013.11.11 20:54:43 created column zadm_lok.catering_email_content
2013.11.11 20:54:44 created column ztask.sequence
2013.11.11 23:49:45 created column Change_Request.zchgtype
2013.11.12 19:32:34 created column Prob_Category.zimpact
2013.11.12 19:32:35 created column Service_Contract.zuslugaTechniczna
